<?xml version="1.0" encoding="UTF-8"?>
<!-- Generated by org.testng.reporters.JUnitXMLReporter -->
<testsuite ignored="0" hostname="shabana-MacBookPro" failures="0" tests="6" name="EdgeTest" time="2.585" errors="0" timestamp="2023-07-04T22:03:35 IST">
  <testcase classname="ExecutePageClasses.LoginPageTestClass" name="verifyUnSuccessfulLogin" time="0.0">
    <skipped/>
  </testcase> <!-- verifyUnSuccessfulLogin -->
  <testcase classname="ExecutePageClasses.LoginPageTestClass" name="verifyUnSuccessfulLogin" time="0.0">
    <skipped/>
  </testcase> <!-- verifyUnSuccessfulLogin -->
  <testcase classname="ExecutePageClasses.LoginPageTestClass" name="verifyUnSuccessfulLogin" time="0.0">
    <skipped/>
  </testcase> <!-- verifyUnSuccessfulLogin -->
  <testcase classname="ExecutePageClasses.LoginPageTestClass" name="verifySuccessfulLogin" time="0.0">
    <skipped/>
  </testcase> <!-- verifySuccessfulLogin -->
  <testcase classname="ExecutePageClasses.LoginPageTestClass" name="verifyRememberMeCheckBoxIsSlectedOrNot" time="0.0">
    <skipped/>
  </testcase> <!-- verifyRememberMeCheckBoxIsSlectedOrNot -->
  <testcase classname="ExecutePageClasses.HomePageTestClass" name="verifyAllTileDisplayed" time="0.0">
    <skipped/>
  </testcase> <!-- verifyAllTileDisplayed -->
</testsuite> <!-- EdgeTest -->
