<?xml version="1.0" encoding="UTF-8"?>
<!-- Generated by org.testng.reporters.JUnitXMLReporter -->
<testsuite ignored="0" hostname="shabana-MacBookPro" failures="0" tests="5" name="ParallelTest" time="18.336" errors="0" timestamp="2023-07-05T19:07:03 IST">
  <testcase classname="ExecutePageClasses.LoginPageTestClass" name="verifyUnSuccessfulLogin" time="1.157"/>
  <testcase classname="ExecutePageClasses.LoginPageTestClass" name="verifyUnSuccessfulLogin" time="0.969"/>
  <testcase classname="ExecutePageClasses.LoginPageTestClass" name="verifyUnSuccessfulLogin" time="0.766"/>
  <testcase classname="ExecutePageClasses.LoginPageTestClass" name="verifySuccessfulLogin" time="1.168"/>
  <testcase classname="ExecutePageClasses.LoginPageTestClass" name="verifyRememberMeCheckBoxIsSlectedOrNot" time="0.111"/>
</testsuite> <!-- ParallelTest -->
